2023-02-06 11:55:19.266  INFO 668 --- [restartedMain] c.s.e.ElectronicStoreApplication         : Starting ElectronicStoreApplication using Java 19.0.1 on inlen8520026405 with PID 668 (C:\Users\GAURSAH\Durgesh Spring Boot\ElectronicStore\ElectronicStore\target\classes started by gaursah in C:\Users\GAURSAH\Durgesh Spring Boot\ElectronicStore\ElectronicStore)
2023-02-06 11:55:19.276  INFO 668 --- [restartedMain] c.s.e.ElectronicStoreApplication         : No active profile set, falling back to 1 default profile: "default"
2023-02-06 11:55:19.344  INFO 668 --- [restartedMain] .e.DevToolsPropertyDefaultsPostProcessor : Devtools property defaults active! Set 'spring.devtools.add-properties' to 'false' to disable
2023-02-06 11:55:19.344  INFO 668 --- [restartedMain] .e.DevToolsPropertyDefaultsPostProcessor : For additional web related logging consider setting the 'logging.level.web' property to 'DEBUG'
2023-02-06 11:55:20.257  INFO 668 --- [restartedMain] .s.d.r.c.RepositoryConfigurationDelegate : Bootstrapping Spring Data JPA repositories in DEFAULT mode.
2023-02-06 11:55:20.378  INFO 668 --- [restartedMain] .s.d.r.c.RepositoryConfigurationDelegate : Finished Spring Data repository scanning in 110 ms. Found 8 JPA repository interfaces.
2023-02-06 11:55:21.289  INFO 668 --- [restartedMain] o.s.b.w.embedded.tomcat.TomcatWebServer  : Tomcat initialized with port(s): 8081 (http)
2023-02-06 11:55:21.303  INFO 668 --- [restartedMain] o.apache.catalina.core.StandardService   : Starting service [Tomcat]
2023-02-06 11:55:21.304  INFO 668 --- [restartedMain] org.apache.catalina.core.StandardEngine  : Starting Servlet engine: [Apache Tomcat/9.0.70]
2023-02-06 11:55:21.407  INFO 668 --- [restartedMain] o.a.c.c.C.[Tomcat].[localhost].[/]       : Initializing Spring embedded WebApplicationContext
2023-02-06 11:55:21.407  INFO 668 --- [restartedMain] w.s.c.ServletWebServerApplicationContext : Root WebApplicationContext: initialization completed in 2062 ms
2023-02-06 11:55:21.605  INFO 668 --- [restartedMain] o.hibernate.jpa.internal.util.LogHelper  : HHH000204: Processing PersistenceUnitInfo [name: default]
2023-02-06 11:55:21.679  INFO 668 --- [restartedMain] org.hibernate.Version                    : HHH000412: Hibernate ORM core version 5.6.14.Final
2023-02-06 11:55:21.901  INFO 668 --- [restartedMain] o.hibernate.annotations.common.Version   : HCANN000001: Hibernate Commons Annotations {5.1.2.Final}
2023-02-06 11:55:22.026  INFO 668 --- [restartedMain] com.zaxxer.hikari.HikariDataSource       : HikariPool-1 - Starting...
2023-02-06 11:55:22.274  INFO 668 --- [restartedMain] com.zaxxer.hikari.HikariDataSource       : HikariPool-1 - Start completed.
2023-02-06 11:55:22.299  INFO 668 --- [restartedMain] org.hibernate.dialect.Dialect            : HHH000400: Using dialect: org.hibernate.dialect.PostgreSQLDialect
2023-02-06 11:55:23.342  INFO 668 --- [restartedMain] o.h.e.t.j.p.i.JtaPlatformInitiator       : HHH000490: Using JtaPlatform implementation: [org.hibernate.engine.transaction.jta.platform.internal.NoJtaPlatform]
2023-02-06 11:55:23.350  INFO 668 --- [restartedMain] j.LocalContainerEntityManagerFactoryBean : Initialized JPA EntityManagerFactory for persistence unit 'default'
2023-02-06 11:55:24.255  INFO 668 --- [restartedMain] o.s.s.web.DefaultSecurityFilterChain     : Will secure any request with [org.springframework.security.web.session.DisableEncodeUrlFilter@592d8d74, org.springframework.security.web.context.request.async.WebAsyncManagerIntegrationFilter@7d1876c0, org.springframework.security.web.context.SecurityContextPersistenceFilter@941b5e4, org.springframework.security.web.header.HeaderWriterFilter@39358f31, org.springframework.security.web.csrf.CsrfFilter@41a51db, org.springframework.security.web.authentication.logout.LogoutFilter@78c9b1dc, org.springframework.security.web.authentication.UsernamePasswordAuthenticationFilter@313583ae, org.springframework.security.web.authentication.ui.DefaultLoginPageGeneratingFilter@28ee26f7, org.springframework.security.web.authentication.ui.DefaultLogoutPageGeneratingFilter@2841b88f, org.springframework.security.web.authentication.www.BasicAuthenticationFilter@571e71e0, org.springframework.security.web.savedrequest.RequestCacheAwareFilter@63fffc41, org.springframework.security.web.servletapi.SecurityContextHolderAwareRequestFilter@c600622, org.springframework.security.web.authentication.AnonymousAuthenticationFilter@5190d8ec, org.springframework.security.web.session.SessionManagementFilter@aba0ccc, org.springframework.security.web.access.ExceptionTranslationFilter@24b62cd2, org.springframework.security.web.access.intercept.FilterSecurityInterceptor@3f45b048]
2023-02-06 11:55:24.344  WARN 668 --- [restartedMain] JpaBaseConfiguration$JpaWebConfiguration : spring.jpa.open-in-view is enabled by default. Therefore, database queries may be performed during view rendering. Explicitly configure spring.jpa.open-in-view to disable this warning
2023-02-06 11:55:24.843  INFO 668 --- [restartedMain] o.s.b.d.a.OptionalLiveReloadServer       : LiveReload server is running on port 35729
2023-02-06 11:55:24.893  INFO 668 --- [restartedMain] o.s.b.w.embedded.tomcat.TomcatWebServer  : Tomcat started on port(s): 8081 (http) with context path ''
2023-02-06 11:55:24.911  INFO 668 --- [restartedMain] c.s.e.ElectronicStoreApplication         : Started ElectronicStoreApplication in 6.141 seconds (JVM running for 6.85)
2023-02-06 11:56:13.102  INFO 668 --- [http-nio-8081-exec-1] o.a.c.c.C.[Tomcat].[localhost].[/]       : Initializing Spring DispatcherServlet 'dispatcherServlet'
2023-02-06 11:56:13.103  INFO 668 --- [http-nio-8081-exec-1] o.s.web.servlet.DispatcherServlet        : Initializing Servlet 'dispatcherServlet'
2023-02-06 11:56:13.105  INFO 668 --- [http-nio-8081-exec-1] o.s.web.servlet.DispatcherServlet        : Completed initialization in 2 ms
2023-02-06 11:56:49.555  INFO 668 --- [SpringApplicationShutdownHook] j.LocalContainerEntityManagerFactoryBean : Closing JPA EntityManagerFactory for persistence unit 'default'
2023-02-06 11:56:49.561  INFO 668 --- [SpringApplicationShutdownHook] com.zaxxer.hikari.HikariDataSource       : HikariPool-1 - Shutdown initiated...
2023-02-06 11:56:49.569  INFO 668 --- [SpringApplicationShutdownHook] com.zaxxer.hikari.HikariDataSource       : HikariPool-1 - Shutdown completed.
2023-02-06T17:31:18.066+05:30  INFO 24400 --- [restartedMain] c.s.e.ElectronicStoreApplication         : Starting ElectronicStoreApplication using Java 19.0.1 with PID 24400 (C:\Users\GAURSAH\Durgesh Spring Boot\ElectronicStore\ElectronicStore\target\classes started by gaursah in C:\Users\GAURSAH\Durgesh Spring Boot\ElectronicStore\ElectronicStore)
2023-02-06T17:31:18.068+05:30  INFO 24400 --- [restartedMain] c.s.e.ElectronicStoreApplication         : No active profile set, falling back to 1 default profile: "default"
2023-02-06T17:31:18.125+05:30  INFO 24400 --- [restartedMain] .e.DevToolsPropertyDefaultsPostProcessor : Devtools property defaults active! Set 'spring.devtools.add-properties' to 'false' to disable
2023-02-06T17:31:18.125+05:30  INFO 24400 --- [restartedMain] .e.DevToolsPropertyDefaultsPostProcessor : For additional web related logging consider setting the 'logging.level.web' property to 'DEBUG'
2023-02-06T17:31:19.213+05:30  INFO 24400 --- [restartedMain] .s.d.r.c.RepositoryConfigurationDelegate : Bootstrapping Spring Data JPA repositories in DEFAULT mode.
2023-02-06T17:31:19.397+05:30  INFO 24400 --- [restartedMain] .s.d.r.c.RepositoryConfigurationDelegate : Finished Spring Data repository scanning in 169 ms. Found 7 JPA repository interfaces.
2023-02-06T17:31:20.339+05:30  INFO 24400 --- [restartedMain] o.s.b.w.embedded.tomcat.TomcatWebServer  : Tomcat initialized with port(s): 8081 (http)
2023-02-06T17:31:20.354+05:30  INFO 24400 --- [restartedMain] o.apache.catalina.core.StandardService   : Starting service [Tomcat]
2023-02-06T17:31:20.354+05:30  INFO 24400 --- [restartedMain] o.apache.catalina.core.StandardEngine    : Starting Servlet engine: [Apache Tomcat/10.1.5]
2023-02-06T17:31:20.447+05:30  INFO 24400 --- [restartedMain] o.a.c.c.C.[Tomcat].[localhost].[/]       : Initializing Spring embedded WebApplicationContext
2023-02-06T17:31:20.448+05:30  INFO 24400 --- [restartedMain] w.s.c.ServletWebServerApplicationContext : Root WebApplicationContext: initialization completed in 2322 ms
2023-02-06T17:31:20.671+05:30  INFO 24400 --- [restartedMain] o.hibernate.jpa.internal.util.LogHelper  : HHH000204: Processing PersistenceUnitInfo [name: default]
2023-02-06T17:31:20.748+05:30  INFO 24400 --- [restartedMain] org.hibernate.Version                    : HHH000412: Hibernate ORM core version 6.1.6.Final
2023-02-06T17:31:20.969+05:30  WARN 24400 --- [restartedMain] org.hibernate.orm.deprecation            : HHH90000021: Encountered deprecated setting [javax.persistence.sharedCache.mode], use [jakarta.persistence.sharedCache.mode] instead
2023-02-06T17:31:21.118+05:30  INFO 24400 --- [restartedMain] com.zaxxer.hikari.HikariDataSource       : HikariPool-1 - Starting...
2023-02-06T17:31:21.402+05:30  INFO 24400 --- [restartedMain] com.zaxxer.hikari.pool.HikariPool        : HikariPool-1 - Added connection org.postgresql.jdbc.PgConnection@21f528ac
2023-02-06T17:31:21.404+05:30  INFO 24400 --- [restartedMain] com.zaxxer.hikari.HikariDataSource       : HikariPool-1 - Start completed.
2023-02-06T17:31:21.452+05:30  INFO 24400 --- [restartedMain] SQL dialect                              : HHH000400: Using dialect: org.hibernate.dialect.PostgreSQLDialect
2023-02-06T17:31:22.694+05:30  INFO 24400 --- [restartedMain] o.h.e.t.j.p.i.JtaPlatformInitiator       : HHH000490: Using JtaPlatform implementation: [org.hibernate.engine.transaction.jta.platform.internal.NoJtaPlatform]
2023-02-06T17:31:22.704+05:30  INFO 24400 --- [restartedMain] j.LocalContainerEntityManagerFactoryBean : Initialized JPA EntityManagerFactory for persistence unit 'default'
2023-02-06T17:31:23.544+05:30  WARN 24400 --- [restartedMain] JpaBaseConfiguration$JpaWebConfiguration : spring.jpa.open-in-view is enabled by default. Therefore, database queries may be performed during view rendering. Explicitly configure spring.jpa.open-in-view to disable this warning
2023-02-06T17:31:24.431+05:30  INFO 24400 --- [restartedMain] o.s.s.web.DefaultSecurityFilterChain     : Will secure any request with [org.springframework.security.web.session.DisableEncodeUrlFilter@47838a38, org.springframework.security.web.context.request.async.WebAsyncManagerIntegrationFilter@1a98b61, org.springframework.security.web.context.SecurityContextHolderFilter@1926cbe2, org.springframework.security.web.header.HeaderWriterFilter@1a63fbf, org.springframework.security.web.authentication.logout.LogoutFilter@28ae4493, com.store.electronic.security.JwtAuthFilter@79ace35d, org.springframework.security.web.savedrequest.RequestCacheAwareFilter@6a7e3537, org.springframework.security.web.servletapi.SecurityContextHolderAwareRequestFilter@9ed941c, org.springframework.security.web.authentication.AnonymousAuthenticationFilter@769fccb3, org.springframework.security.web.session.SessionManagementFilter@175a872, org.springframework.security.web.access.ExceptionTranslationFilter@291d1d25, org.springframework.security.web.access.intercept.AuthorizationFilter@52c295dc]
2023-02-06T17:31:24.759+05:30  INFO 24400 --- [restartedMain] o.s.b.d.a.OptionalLiveReloadServer       : LiveReload server is running on port 35729
2023-02-06T17:31:24.811+05:30  INFO 24400 --- [restartedMain] o.s.b.w.embedded.tomcat.TomcatWebServer  : Tomcat started on port(s): 8081 (http) with context path ''
2023-02-06T17:31:24.823+05:30  INFO 24400 --- [restartedMain] c.s.e.ElectronicStoreApplication         : Started ElectronicStoreApplication in 7.765 seconds (process running for 8.42)
2023-02-06T17:32:08.144+05:30  INFO 24400 --- [http-nio-8081-exec-2] o.a.c.c.C.[Tomcat].[localhost].[/]       : Initializing Spring DispatcherServlet 'dispatcherServlet'
2023-02-06T17:32:08.148+05:30  INFO 24400 --- [http-nio-8081-exec-2] o.s.web.servlet.DispatcherServlet        : Initializing Servlet 'dispatcherServlet'
2023-02-06T17:32:08.150+05:30  INFO 24400 --- [http-nio-8081-exec-2] o.s.web.servlet.DispatcherServlet        : Completed initialization in 2 ms
2023-02-06T17:39:59.328+05:30  INFO 24400 --- [http-nio-8081-exec-5] c.s.electronic.services.UserServiceImpl  : User created: UserDto(userId=19f4d695-4c41-4fbf-a2a6-4aa5b7b83252, name=Admin, email=admin@dev.in, password=$2a$10$QNI4xU48YL.cGe/vebkATeTVCTWe1I5eBnAR/Q9S5tCBNvYp1oJNq, gender=Male, about=I am a Software Developer, imageName=null, role=ROLE_ADMIN)
2023-02-06T17:41:39.572+05:30  INFO 24400 --- [http-nio-8081-exec-9] c.s.electronic.services.UserServiceImpl  : Users retrieved: [UserDto(userId=abc1vaj, name=abc, email=abc@dev.in, password=$2a$10$WF87AaSOoHZJaNZ6JOogWO1HDwKSpIwNMf8PH4A3EHlMasFdkBRtO, gender=MALE, about=abc, imageName=null, role=null), UserDto(userId=19f4d695-4c41-4fbf-a2a6-4aa5b7b83252, name=Admin, email=admin@dev.in, password=$2a$10$QNI4xU48YL.cGe/vebkATeTVCTWe1I5eBnAR/Q9S5tCBNvYp1oJNq, gender=Male, about=I am a Software Developer, imageName=null, role=ROLE_ADMIN), UserDto(userId=c137c06b-f38b-4efd-8e55-8dabfe129e84, name=Gaurab Sah, email=gaurab.sah.777@gmail.com, password=$2a$10$24KcJBo09KUq51UNfNRuDOk/tF9YmJgRnJAIy5WmopChAYO2jX9vm, gender=Male, about=I am Analyst/Software Engineer, imageName=gaurab, role=null), UserDto(userId=d1e894d8-c6e5-44f0-9def-cd464c85e43f, name=Keshav Chaudhary, email=keshav@gmail.com, password=$2a$10$bHL3MsKDtHccjr6baKDjU.FT02abfWrntuk37xv2/wCtUNDzO7qSG, gender=MALE, about=I am Student, imageName=keshav.png, role=null), UserDto(userId=7969dd14-1930-42a1-b891-fbc34730fc07, name=Saurav Sah, email=saurav11@gmail.com, password=$2a$10$Fkx3UnzsgW37iwcHpIKivewf0EtoiFZVqJwqM.PgnWRniSo69Wj7., gender=MALE, about=I am a Student, imageName=saurav.png, role=null), UserDto(userId=380c2099-aadf-4011-b610-c5fc68f2a647, name=Sunita Sah, email=sunita@gmail.com, password=$2a$10$.DPCajK2SFjBiqzYj9WfoujlFbklvMaj/OseJu4ZpLvVRluTTO4XW, gender=FEMALE, about=I am a proud mother., imageName=sunita.png, role=null)]
2023-02-06T17:42:20.212+05:30  INFO 24400 --- [http-nio-8081-exec-10] c.s.electronic.services.UserServiceImpl  : User created: UserDto(userId=5714c17e-e415-4476-ab84-b2a859db3d7c, name=User, email=user@dev.in, password=$2a$10$AQ/9/JJLM1Izf/fV5AhWe.V6zsgil7v7pSCzufMXyxJ.hbH8Qrjx2, gender=Male, about=I am a Software Developer, imageName=null, role=ROLE_USER)
2023-02-06T17:43:04.530+05:30  INFO 24400 --- [http-nio-8081-exec-1] c.s.e.services.ProductServiceImpl        : Products found: 6
2023-02-06T17:43:04.531+05:30  INFO 24400 --- [http-nio-8081-exec-1] c.s.e.controllers.ProductController      : Get all products 6
2023-02-06T17:44:00.395+05:30  INFO 24400 --- [http-nio-8081-exec-6] c.s.e.services.ProductServiceImpl        : Products found: 6
2023-02-06T17:44:00.395+05:30  INFO 24400 --- [http-nio-8081-exec-6] c.s.e.controllers.ProductController      : Get all products 6
2023-02-06T17:44:05.587+05:30  INFO 24400 --- [http-nio-8081-exec-5] c.s.e.services.ProductServiceImpl        : Products found: 6
2023-02-06T17:44:05.588+05:30  INFO 24400 --- [http-nio-8081-exec-5] c.s.e.controllers.ProductController      : Get all products 6
2023-02-06T17:50:26.856+05:30  INFO 24400 --- [SpringApplicationShutdownHook] j.LocalContainerEntityManagerFactoryBean : Closing JPA EntityManagerFactory for persistence unit 'default'
2023-02-06T17:50:27.089+05:30  INFO 24400 --- [SpringApplicationShutdownHook] com.zaxxer.hikari.HikariDataSource       : HikariPool-1 - Shutdown initiated...
2023-02-06T17:50:27.167+05:30  INFO 24400 --- [SpringApplicationShutdownHook] com.zaxxer.hikari.HikariDataSource       : HikariPool-1 - Shutdown completed.
2023-02-06T17:50:35.194+05:30  INFO 35444 --- [restartedMain] c.s.e.ElectronicStoreApplication         : Starting ElectronicStoreApplication using Java 19.0.1 with PID 35444 (C:\Users\GAURSAH\Durgesh Spring Boot\ElectronicStore\ElectronicStore\target\classes started by gaursah in C:\Users\GAURSAH\Durgesh Spring Boot\ElectronicStore\ElectronicStore)
2023-02-06T17:50:35.197+05:30  INFO 35444 --- [restartedMain] c.s.e.ElectronicStoreApplication         : No active profile set, falling back to 1 default profile: "default"
2023-02-06T17:50:35.269+05:30  INFO 35444 --- [restartedMain] .e.DevToolsPropertyDefaultsPostProcessor : Devtools property defaults active! Set 'spring.devtools.add-properties' to 'false' to disable
2023-02-06T17:50:35.270+05:30  INFO 35444 --- [restartedMain] .e.DevToolsPropertyDefaultsPostProcessor : For additional web related logging consider setting the 'logging.level.web' property to 'DEBUG'
2023-02-06T17:50:36.466+05:30  INFO 35444 --- [restartedMain] .s.d.r.c.RepositoryConfigurationDelegate : Bootstrapping Spring Data JPA repositories in DEFAULT mode.
2023-02-06T17:50:36.586+05:30  INFO 35444 --- [restartedMain] .s.d.r.c.RepositoryConfigurationDelegate : Finished Spring Data repository scanning in 108 ms. Found 7 JPA repository interfaces.
2023-02-06T17:50:37.950+05:30  INFO 35444 --- [restartedMain] o.s.b.w.embedded.tomcat.TomcatWebServer  : Tomcat initialized with port(s): 8081 (http)
2023-02-06T17:50:37.964+05:30  INFO 35444 --- [restartedMain] o.apache.catalina.core.StandardService   : Starting service [Tomcat]
2023-02-06T17:50:37.966+05:30  INFO 35444 --- [restartedMain] o.apache.catalina.core.StandardEngine    : Starting Servlet engine: [Apache Tomcat/10.1.5]
2023-02-06T17:50:38.049+05:30  INFO 35444 --- [restartedMain] o.a.c.c.C.[Tomcat].[localhost].[/]       : Initializing Spring embedded WebApplicationContext
2023-02-06T17:50:38.050+05:30  INFO 35444 --- [restartedMain] w.s.c.ServletWebServerApplicationContext : Root WebApplicationContext: initialization completed in 2780 ms
2023-02-06T17:50:38.228+05:30  INFO 35444 --- [restartedMain] o.hibernate.jpa.internal.util.LogHelper  : HHH000204: Processing PersistenceUnitInfo [name: default]
2023-02-06T17:50:38.303+05:30  INFO 35444 --- [restartedMain] org.hibernate.Version                    : HHH000412: Hibernate ORM core version 6.1.6.Final
2023-02-06T17:50:38.554+05:30  WARN 35444 --- [restartedMain] org.hibernate.orm.deprecation            : HHH90000021: Encountered deprecated setting [javax.persistence.sharedCache.mode], use [jakarta.persistence.sharedCache.mode] instead
2023-02-06T17:50:38.702+05:30  INFO 35444 --- [restartedMain] com.zaxxer.hikari.HikariDataSource       : HikariPool-1 - Starting...
2023-02-06T17:50:38.959+05:30  INFO 35444 --- [restartedMain] com.zaxxer.hikari.pool.HikariPool        : HikariPool-1 - Added connection org.postgresql.jdbc.PgConnection@537c32d3
2023-02-06T17:50:38.962+05:30  INFO 35444 --- [restartedMain] com.zaxxer.hikari.HikariDataSource       : HikariPool-1 - Start completed.
2023-02-06T17:50:39.003+05:30  INFO 35444 --- [restartedMain] SQL dialect                              : HHH000400: Using dialect: org.hibernate.dialect.PostgreSQLDialect
2023-02-06T17:50:40.252+05:30  INFO 35444 --- [restartedMain] o.h.e.t.j.p.i.JtaPlatformInitiator       : HHH000490: Using JtaPlatform implementation: [org.hibernate.engine.transaction.jta.platform.internal.NoJtaPlatform]
2023-02-06T17:50:40.262+05:30  INFO 35444 --- [restartedMain] j.LocalContainerEntityManagerFactoryBean : Initialized JPA EntityManagerFactory for persistence unit 'default'
2023-02-06T17:50:40.724+05:30  WARN 35444 --- [restartedMain] ConfigServletWebServerApplicationContext : Exception encountered during context initialization - cancelling refresh attempt: org.springframework.beans.factory.UnsatisfiedDependencyException: Error creating bean with name 'authController': Unsatisfied dependency expressed through field 'userService': Error creating bean with name 'userServiceImpl': Injection of autowired dependencies failed
2023-02-06T17:50:40.726+05:30  INFO 35444 --- [restartedMain] j.LocalContainerEntityManagerFactoryBean : Closing JPA EntityManagerFactory for persistence unit 'default'
2023-02-06T17:50:40.730+05:30  INFO 35444 --- [restartedMain] com.zaxxer.hikari.HikariDataSource       : HikariPool-1 - Shutdown initiated...
2023-02-06T17:50:40.739+05:30  INFO 35444 --- [restartedMain] com.zaxxer.hikari.HikariDataSource       : HikariPool-1 - Shutdown completed.
2023-02-06T17:50:40.746+05:30  INFO 35444 --- [restartedMain] o.apache.catalina.core.StandardService   : Stopping service [Tomcat]
2023-02-06T17:50:40.764+05:30  INFO 35444 --- [restartedMain] .s.b.a.l.ConditionEvaluationReportLogger : 

Error starting ApplicationContext. To display the condition evaluation report re-run your application with 'debug' enabled.
2023-02-06T17:50:40.790+05:30 ERROR 35444 --- [restartedMain] o.s.boot.SpringApplication               : Application run failed

org.springframework.beans.factory.UnsatisfiedDependencyException: Error creating bean with name 'authController': Unsatisfied dependency expressed through field 'userService': Error creating bean with name 'userServiceImpl': Injection of autowired dependencies failed
	at org.springframework.beans.factory.annotation.AutowiredAnnotationBeanPostProcessor$AutowiredFieldElement.resolveFieldValue(AutowiredAnnotationBeanPostProcessor.java:712) ~[spring-beans-6.0.4.jar:6.0.4]
	at org.springframework.beans.factory.annotation.AutowiredAnnotationBeanPostProcessor$AutowiredFieldElement.inject(AutowiredAnnotationBeanPostProcessor.java:692) ~[spring-beans-6.0.4.jar:6.0.4]
	at org.springframework.beans.factory.annotation.InjectionMetadata.inject(InjectionMetadata.java:133) ~[spring-beans-6.0.4.jar:6.0.4]
	at org.springframework.beans.factory.annotation.AutowiredAnnotationBeanPostProcessor.postProcessProperties(AutowiredAnnotationBeanPostProcessor.java:481) ~[spring-beans-6.0.4.jar:6.0.4]
	at org.springframework.beans.factory.support.AbstractAutowireCapableBeanFactory.populateBean(AbstractAutowireCapableBeanFactory.java:1397) ~[spring-beans-6.0.4.jar:6.0.4]
	at org.springframework.beans.factory.support.AbstractAutowireCapableBeanFactory.doCreateBean(AbstractAutowireCapableBeanFactory.java:598) ~[spring-beans-6.0.4.jar:6.0.4]
	at org.springframework.beans.factory.support.AbstractAutowireCapableBeanFactory.createBean(AbstractAutowireCapableBeanFactory.java:521) ~[spring-beans-6.0.4.jar:6.0.4]
	at org.springframework.beans.factory.support.AbstractBeanFactory.lambda$doGetBean$0(AbstractBeanFactory.java:326) ~[spring-beans-6.0.4.jar:6.0.4]
	at org.springframework.beans.factory.support.DefaultSingletonBeanRegistry.getSingleton(DefaultSingletonBeanRegistry.java:234) ~[spring-beans-6.0.4.jar:6.0.4]
	at org.springframework.beans.factory.support.AbstractBeanFactory.doGetBean(AbstractBeanFactory.java:324) ~[spring-beans-6.0.4.jar:6.0.4]
	at org.springframework.beans.factory.support.AbstractBeanFactory.getBean(AbstractBeanFactory.java:200) ~[spring-beans-6.0.4.jar:6.0.4]
	at org.springframework.beans.factory.support.DefaultListableBeanFactory.preInstantiateSingletons(DefaultListableBeanFactory.java:961) ~[spring-beans-6.0.4.jar:6.0.4]
	at org.springframework.context.support.AbstractApplicationContext.finishBeanFactoryInitialization(AbstractApplicationContext.java:915) ~[spring-context-6.0.4.jar:6.0.4]
	at org.springframework.context.support.AbstractApplicationContext.refresh(AbstractApplicationContext.java:584) ~[spring-context-6.0.4.jar:6.0.4]
	at org.springframework.boot.web.servlet.context.ServletWebServerApplicationContext.refresh(ServletWebServerApplicationContext.java:146) ~[spring-boot-3.0.2.jar:3.0.2]
	at org.springframework.boot.SpringApplication.refresh(SpringApplication.java:730) ~[spring-boot-3.0.2.jar:3.0.2]
	at org.springframework.boot.SpringApplication.refreshContext(SpringApplication.java:432) ~[spring-boot-3.0.2.jar:3.0.2]
	at org.springframework.boot.SpringApplication.run(SpringApplication.java:308) ~[spring-boot-3.0.2.jar:3.0.2]
	at org.springframework.boot.SpringApplication.run(SpringApplication.java:1302) ~[spring-boot-3.0.2.jar:3.0.2]
	at org.springframework.boot.SpringApplication.run(SpringApplication.java:1291) ~[spring-boot-3.0.2.jar:3.0.2]
	at com.store.electronic.ElectronicStoreApplication.main(ElectronicStoreApplication.java:16) ~[classes/:na]
	at java.base/jdk.internal.reflect.DirectMethodHandleAccessor.invoke(DirectMethodHandleAccessor.java:104) ~[na:na]
	at java.base/java.lang.reflect.Method.invoke(Method.java:578) ~[na:na]
	at org.springframework.boot.devtools.restart.RestartLauncher.run(RestartLauncher.java:49) ~[spring-boot-devtools-3.0.2.jar:3.0.2]
Caused by: org.springframework.beans.factory.BeanCreationException: Error creating bean with name 'userServiceImpl': Injection of autowired dependencies failed
	at org.springframework.beans.factory.annotation.AutowiredAnnotationBeanPostProcessor.postProcessProperties(AutowiredAnnotationBeanPostProcessor.java:487) ~[spring-beans-6.0.4.jar:6.0.4]
	at org.springframework.beans.factory.support.AbstractAutowireCapableBeanFactory.populateBean(AbstractAutowireCapableBeanFactory.java:1397) ~[spring-beans-6.0.4.jar:6.0.4]
	at org.springframework.beans.factory.support.AbstractAutowireCapableBeanFactory.doCreateBean(AbstractAutowireCapableBeanFactory.java:598) ~[spring-beans-6.0.4.jar:6.0.4]
	at org.springframework.beans.factory.support.AbstractAutowireCapableBeanFactory.createBean(AbstractAutowireCapableBeanFactory.java:521) ~[spring-beans-6.0.4.jar:6.0.4]
	at org.springframework.beans.factory.support.AbstractBeanFactory.lambda$doGetBean$0(AbstractBeanFactory.java:326) ~[spring-beans-6.0.4.jar:6.0.4]
	at org.springframework.beans.factory.support.DefaultSingletonBeanRegistry.getSingleton(DefaultSingletonBeanRegistry.java:234) ~[spring-beans-6.0.4.jar:6.0.4]
	at org.springframework.beans.factory.support.AbstractBeanFactory.doGetBean(AbstractBeanFactory.java:324) ~[spring-beans-6.0.4.jar:6.0.4]
	at org.springframework.beans.factory.support.AbstractBeanFactory.getBean(AbstractBeanFactory.java:200) ~[spring-beans-6.0.4.jar:6.0.4]
	at org.springframework.beans.factory.config.DependencyDescriptor.resolveCandidate(DependencyDescriptor.java:254) ~[spring-beans-6.0.4.jar:6.0.4]
	at org.springframework.beans.factory.support.DefaultListableBeanFactory.doResolveDependency(DefaultListableBeanFactory.java:1405) ~[spring-beans-6.0.4.jar:6.0.4]
	at org.springframework.beans.factory.support.DefaultListableBeanFactory.resolveDependency(DefaultListableBeanFactory.java:1325) ~[spring-beans-6.0.4.jar:6.0.4]
	at org.springframework.beans.factory.annotation.AutowiredAnnotationBeanPostProcessor$AutowiredFieldElement.resolveFieldValue(AutowiredAnnotationBeanPostProcessor.java:709) ~[spring-beans-6.0.4.jar:6.0.4]
	... 23 common frames omitted
Caused by: java.lang.IllegalArgumentException: Could not resolve placeholder 'normal.role.id' in value "${normal.role.id}"
	at org.springframework.util.PropertyPlaceholderHelper.parseStringValue(PropertyPlaceholderHelper.java:180) ~[spring-core-6.0.4.jar:6.0.4]
	at org.springframework.util.PropertyPlaceholderHelper.replacePlaceholders(PropertyPlaceholderHelper.java:126) ~[spring-core-6.0.4.jar:6.0.4]
	at org.springframework.core.env.AbstractPropertyResolver.doResolvePlaceholders(AbstractPropertyResolver.java:239) ~[spring-core-6.0.4.jar:6.0.4]
	at org.springframework.core.env.AbstractPropertyResolver.resolveRequiredPlaceholders(AbstractPropertyResolver.java:210) ~[spring-core-6.0.4.jar:6.0.4]
	at org.springframework.context.support.PropertySourcesPlaceholderConfigurer.lambda$processProperties$0(PropertySourcesPlaceholderConfigurer.java:191) ~[spring-context-6.0.4.jar:6.0.4]
	at org.springframework.beans.factory.support.AbstractBeanFactory.resolveEmbeddedValue(AbstractBeanFactory.java:920) ~[spring-beans-6.0.4.jar:6.0.4]
	at org.springframework.beans.factory.support.DefaultListableBeanFactory.doResolveDependency(DefaultListableBeanFactory.java:1346) ~[spring-beans-6.0.4.jar:6.0.4]
	at org.springframework.beans.factory.support.DefaultListableBeanFactory.resolveDependency(DefaultListableBeanFactory.java:1325) ~[spring-beans-6.0.4.jar:6.0.4]
	at org.springframework.beans.factory.annotation.AutowiredAnnotationBeanPostProcessor$AutowiredFieldElement.resolveFieldValue(AutowiredAnnotationBeanPostProcessor.java:709) ~[spring-beans-6.0.4.jar:6.0.4]
	at org.springframework.beans.factory.annotation.AutowiredAnnotationBeanPostProcessor$AutowiredFieldElement.inject(AutowiredAnnotationBeanPostProcessor.java:692) ~[spring-beans-6.0.4.jar:6.0.4]
	at org.springframework.beans.factory.annotation.InjectionMetadata.inject(InjectionMetadata.java:133) ~[spring-beans-6.0.4.jar:6.0.4]
	at org.springframework.beans.factory.annotation.AutowiredAnnotationBeanPostProcessor.postProcessProperties(AutowiredAnnotationBeanPostProcessor.java:481) ~[spring-beans-6.0.4.jar:6.0.4]
	... 34 common frames omitted

2023-02-06T17:53:02.338+05:30  INFO 29968 --- [restartedMain] c.s.e.ElectronicStoreApplication         : Starting ElectronicStoreApplication using Java 19.0.1 with PID 29968 (C:\Users\GAURSAH\Durgesh Spring Boot\ElectronicStore\ElectronicStore\target\classes started by gaursah in C:\Users\GAURSAH\Durgesh Spring Boot\ElectronicStore\ElectronicStore)
2023-02-06T17:53:02.342+05:30  INFO 29968 --- [restartedMain] c.s.e.ElectronicStoreApplication         : No active profile set, falling back to 1 default profile: "default"
2023-02-06T17:53:02.413+05:30  INFO 29968 --- [restartedMain] .e.DevToolsPropertyDefaultsPostProcessor : Devtools property defaults active! Set 'spring.devtools.add-properties' to 'false' to disable
2023-02-06T17:53:02.413+05:30  INFO 29968 --- [restartedMain] .e.DevToolsPropertyDefaultsPostProcessor : For additional web related logging consider setting the 'logging.level.web' property to 'DEBUG'
2023-02-06T17:53:03.525+05:30  INFO 29968 --- [restartedMain] .s.d.r.c.RepositoryConfigurationDelegate : Bootstrapping Spring Data JPA repositories in DEFAULT mode.
2023-02-06T17:53:03.628+05:30  INFO 29968 --- [restartedMain] .s.d.r.c.RepositoryConfigurationDelegate : Finished Spring Data repository scanning in 92 ms. Found 7 JPA repository interfaces.
2023-02-06T17:53:04.531+05:30  INFO 29968 --- [restartedMain] o.s.b.w.embedded.tomcat.TomcatWebServer  : Tomcat initialized with port(s): 8081 (http)
2023-02-06T17:53:04.546+05:30  INFO 29968 --- [restartedMain] o.apache.catalina.core.StandardService   : Starting service [Tomcat]
2023-02-06T17:53:04.547+05:30  INFO 29968 --- [restartedMain] o.apache.catalina.core.StandardEngine    : Starting Servlet engine: [Apache Tomcat/10.1.5]
2023-02-06T17:53:04.620+05:30  INFO 29968 --- [restartedMain] o.a.c.c.C.[Tomcat].[localhost].[/]       : Initializing Spring embedded WebApplicationContext
2023-02-06T17:53:04.622+05:30  INFO 29968 --- [restartedMain] w.s.c.ServletWebServerApplicationContext : Root WebApplicationContext: initialization completed in 2208 ms
2023-02-06T17:53:04.779+05:30  INFO 29968 --- [restartedMain] o.hibernate.jpa.internal.util.LogHelper  : HHH000204: Processing PersistenceUnitInfo [name: default]
2023-02-06T17:53:04.863+05:30  INFO 29968 --- [restartedMain] org.hibernate.Version                    : HHH000412: Hibernate ORM core version 6.1.6.Final
2023-02-06T17:53:05.079+05:30  WARN 29968 --- [restartedMain] org.hibernate.orm.deprecation            : HHH90000021: Encountered deprecated setting [javax.persistence.sharedCache.mode], use [jakarta.persistence.sharedCache.mode] instead
2023-02-06T17:53:05.219+05:30  INFO 29968 --- [restartedMain] com.zaxxer.hikari.HikariDataSource       : HikariPool-1 - Starting...
2023-02-06T17:53:05.472+05:30  INFO 29968 --- [restartedMain] com.zaxxer.hikari.pool.HikariPool        : HikariPool-1 - Added connection org.postgresql.jdbc.PgConnection@6a54c9fa
2023-02-06T17:53:05.474+05:30  INFO 29968 --- [restartedMain] com.zaxxer.hikari.HikariDataSource       : HikariPool-1 - Start completed.
2023-02-06T17:53:05.516+05:30  INFO 29968 --- [restartedMain] SQL dialect                              : HHH000400: Using dialect: org.hibernate.dialect.PostgreSQLDialect
2023-02-06T17:53:06.727+05:30  INFO 29968 --- [restartedMain] o.h.e.t.j.p.i.JtaPlatformInitiator       : HHH000490: Using JtaPlatform implementation: [org.hibernate.engine.transaction.jta.platform.internal.NoJtaPlatform]
2023-02-06T17:53:06.737+05:30  INFO 29968 --- [restartedMain] j.LocalContainerEntityManagerFactoryBean : Initialized JPA EntityManagerFactory for persistence unit 'default'
2023-02-06T17:53:07.553+05:30  WARN 29968 --- [restartedMain] JpaBaseConfiguration$JpaWebConfiguration : spring.jpa.open-in-view is enabled by default. Therefore, database queries may be performed during view rendering. Explicitly configure spring.jpa.open-in-view to disable this warning
2023-02-06T17:53:08.435+05:30  INFO 29968 --- [restartedMain] o.s.s.web.DefaultSecurityFilterChain     : Will secure any request with [org.springframework.security.web.session.DisableEncodeUrlFilter@b047d4e, org.springframework.security.web.context.request.async.WebAsyncManagerIntegrationFilter@74f818d1, org.springframework.security.web.context.SecurityContextHolderFilter@1ea22463, org.springframework.security.web.header.HeaderWriterFilter@2ecc041f, org.springframework.security.web.authentication.logout.LogoutFilter@175a872, com.store.electronic.security.JwtAuthFilter@79ace35d, org.springframework.security.web.savedrequest.RequestCacheAwareFilter@13f822b1, org.springframework.security.web.servletapi.SecurityContextHolderAwareRequestFilter@1d770b96, org.springframework.security.web.authentication.AnonymousAuthenticationFilter@182ac9e, org.springframework.security.web.session.SessionManagementFilter@249d603e, org.springframework.security.web.access.ExceptionTranslationFilter@40065f2, org.springframework.security.web.access.intercept.AuthorizationFilter@26bb2718]
2023-02-06T17:53:08.737+05:30  INFO 29968 --- [restartedMain] o.s.b.d.a.OptionalLiveReloadServer       : LiveReload server is running on port 35729
2023-02-06T17:53:08.787+05:30  INFO 29968 --- [restartedMain] o.s.b.w.embedded.tomcat.TomcatWebServer  : Tomcat started on port(s): 8081 (http) with context path ''
2023-02-06T17:53:08.797+05:30  INFO 29968 --- [restartedMain] c.s.e.ElectronicStoreApplication         : Started ElectronicStoreApplication in 7.116 seconds (process running for 7.966)
2023-02-06T17:53:40.359+05:30  INFO 29968 --- [http-nio-8081-exec-1] o.a.c.c.C.[Tomcat].[localhost].[/]       : Initializing Spring DispatcherServlet 'dispatcherServlet'
2023-02-06T17:53:40.360+05:30  INFO 29968 --- [http-nio-8081-exec-1] o.s.web.servlet.DispatcherServlet        : Initializing Servlet 'dispatcherServlet'
2023-02-06T17:53:40.363+05:30  INFO 29968 --- [http-nio-8081-exec-1] o.s.web.servlet.DispatcherServlet        : Completed initialization in 2 ms
2023-02-06T17:54:27.850+05:30  INFO 29968 --- [SpringApplicationShutdownHook] j.LocalContainerEntityManagerFactoryBean : Closing JPA EntityManagerFactory for persistence unit 'default'
2023-02-06T17:54:27.855+05:30  INFO 29968 --- [SpringApplicationShutdownHook] com.zaxxer.hikari.HikariDataSource       : HikariPool-1 - Shutdown initiated...
2023-02-06T17:54:27.861+05:30  INFO 29968 --- [SpringApplicationShutdownHook] com.zaxxer.hikari.HikariDataSource       : HikariPool-1 - Shutdown completed.
2023-02-06T17:54:34.361+05:30  INFO 23844 --- [restartedMain] c.s.e.ElectronicStoreApplication         : Starting ElectronicStoreApplication using Java 19.0.1 with PID 23844 (C:\Users\GAURSAH\Durgesh Spring Boot\ElectronicStore\ElectronicStore\target\classes started by gaursah in C:\Users\GAURSAH\Durgesh Spring Boot\ElectronicStore\ElectronicStore)
2023-02-06T17:54:34.364+05:30  INFO 23844 --- [restartedMain] c.s.e.ElectronicStoreApplication         : No active profile set, falling back to 1 default profile: "default"
2023-02-06T17:54:34.448+05:30  INFO 23844 --- [restartedMain] .e.DevToolsPropertyDefaultsPostProcessor : Devtools property defaults active! Set 'spring.devtools.add-properties' to 'false' to disable
2023-02-06T17:54:34.449+05:30  INFO 23844 --- [restartedMain] .e.DevToolsPropertyDefaultsPostProcessor : For additional web related logging consider setting the 'logging.level.web' property to 'DEBUG'
2023-02-06T17:54:35.703+05:30  INFO 23844 --- [restartedMain] .s.d.r.c.RepositoryConfigurationDelegate : Bootstrapping Spring Data JPA repositories in DEFAULT mode.
2023-02-06T17:54:35.839+05:30  INFO 23844 --- [restartedMain] .s.d.r.c.RepositoryConfigurationDelegate : Finished Spring Data repository scanning in 122 ms. Found 7 JPA repository interfaces.
2023-02-06T17:54:36.781+05:30  INFO 23844 --- [restartedMain] o.s.b.w.embedded.tomcat.TomcatWebServer  : Tomcat initialized with port(s): 8081 (http)
2023-02-06T17:54:36.796+05:30  INFO 23844 --- [restartedMain] o.apache.catalina.core.StandardService   : Starting service [Tomcat]
2023-02-06T17:54:36.797+05:30  INFO 23844 --- [restartedMain] o.apache.catalina.core.StandardEngine    : Starting Servlet engine: [Apache Tomcat/10.1.5]
2023-02-06T17:54:36.887+05:30  INFO 23844 --- [restartedMain] o.a.c.c.C.[Tomcat].[localhost].[/]       : Initializing Spring embedded WebApplicationContext
2023-02-06T17:54:36.888+05:30  INFO 23844 --- [restartedMain] w.s.c.ServletWebServerApplicationContext : Root WebApplicationContext: initialization completed in 2439 ms
2023-02-06T17:54:37.074+05:30  INFO 23844 --- [restartedMain] o.hibernate.jpa.internal.util.LogHelper  : HHH000204: Processing PersistenceUnitInfo [name: default]
2023-02-06T17:54:37.149+05:30  INFO 23844 --- [restartedMain] org.hibernate.Version                    : HHH000412: Hibernate ORM core version 6.1.6.Final
2023-02-06T17:54:37.364+05:30  WARN 23844 --- [restartedMain] org.hibernate.orm.deprecation            : HHH90000021: Encountered deprecated setting [javax.persistence.sharedCache.mode], use [jakarta.persistence.sharedCache.mode] instead
2023-02-06T17:54:37.511+05:30  INFO 23844 --- [restartedMain] com.zaxxer.hikari.HikariDataSource       : HikariPool-1 - Starting...
2023-02-06T17:54:37.743+05:30  INFO 23844 --- [restartedMain] com.zaxxer.hikari.pool.HikariPool        : HikariPool-1 - Added connection org.postgresql.jdbc.PgConnection@7a2b79a4
2023-02-06T17:54:37.750+05:30  INFO 23844 --- [restartedMain] com.zaxxer.hikari.HikariDataSource       : HikariPool-1 - Start completed.
2023-02-06T17:54:37.787+05:30  INFO 23844 --- [restartedMain] SQL dialect                              : HHH000400: Using dialect: org.hibernate.dialect.PostgreSQLDialect
2023-02-06T17:54:39.023+05:30  INFO 23844 --- [restartedMain] o.h.e.t.j.p.i.JtaPlatformInitiator       : HHH000490: Using JtaPlatform implementation: [org.hibernate.engine.transaction.jta.platform.internal.NoJtaPlatform]
2023-02-06T17:54:39.033+05:30  INFO 23844 --- [restartedMain] j.LocalContainerEntityManagerFactoryBean : Initialized JPA EntityManagerFactory for persistence unit 'default'
2023-02-06T17:54:39.832+05:30  WARN 23844 --- [restartedMain] JpaBaseConfiguration$JpaWebConfiguration : spring.jpa.open-in-view is enabled by default. Therefore, database queries may be performed during view rendering. Explicitly configure spring.jpa.open-in-view to disable this warning
2023-02-06T17:54:40.687+05:30  INFO 23844 --- [restartedMain] o.s.s.web.DefaultSecurityFilterChain     : Will secure any request with [org.springframework.security.web.session.DisableEncodeUrlFilter@152a8a84, org.springframework.security.web.context.request.async.WebAsyncManagerIntegrationFilter@73cab0ea, org.springframework.security.web.context.SecurityContextHolderFilter@1934110, org.springframework.security.web.header.HeaderWriterFilter@35bcc68c, org.springframework.security.web.authentication.logout.LogoutFilter@5c286231, com.store.electronic.security.JwtAuthFilter@4a144a4, org.springframework.security.web.savedrequest.RequestCacheAwareFilter@7d7b7b8, org.springframework.security.web.servletapi.SecurityContextHolderAwareRequestFilter@70300e48, org.springframework.security.web.authentication.AnonymousAuthenticationFilter@4bcc6cc1, org.springframework.security.web.session.SessionManagementFilter@553fe60, org.springframework.security.web.access.ExceptionTranslationFilter@6b910c28, org.springframework.security.web.access.intercept.AuthorizationFilter@6e3106e5]
2023-02-06T17:54:40.974+05:30  INFO 23844 --- [restartedMain] o.s.b.d.a.OptionalLiveReloadServer       : LiveReload server is running on port 35729
2023-02-06T17:54:41.013+05:30  INFO 23844 --- [restartedMain] o.s.b.w.embedded.tomcat.TomcatWebServer  : Tomcat started on port(s): 8081 (http) with context path ''
2023-02-06T17:54:41.025+05:30  INFO 23844 --- [restartedMain] c.s.e.ElectronicStoreApplication         : Started ElectronicStoreApplication in 7.286 seconds (process running for 8.072)
2023-02-06T17:54:49.637+05:30  INFO 23844 --- [http-nio-8081-exec-1] o.a.c.c.C.[Tomcat].[localhost].[/]       : Initializing Spring DispatcherServlet 'dispatcherServlet'
2023-02-06T17:54:49.638+05:30  INFO 23844 --- [http-nio-8081-exec-1] o.s.web.servlet.DispatcherServlet        : Initializing Servlet 'dispatcherServlet'
2023-02-06T17:54:49.641+05:30  INFO 23844 --- [http-nio-8081-exec-1] o.s.web.servlet.DispatcherServlet        : Completed initialization in 2 ms
2023-02-06T17:57:00.011+05:30  INFO 23844 --- [SpringApplicationShutdownHook] j.LocalContainerEntityManagerFactoryBean : Closing JPA EntityManagerFactory for persistence unit 'default'
2023-02-06T17:57:00.045+05:30  INFO 23844 --- [SpringApplicationShutdownHook] com.zaxxer.hikari.HikariDataSource       : HikariPool-1 - Shutdown initiated...
2023-02-06T17:57:00.055+05:30  INFO 23844 --- [SpringApplicationShutdownHook] com.zaxxer.hikari.HikariDataSource       : HikariPool-1 - Shutdown completed.
2023-02-06T17:57:06.516+05:30  INFO 29048 --- [restartedMain] c.s.e.ElectronicStoreApplication         : Starting ElectronicStoreApplication using Java 19.0.1 with PID 29048 (C:\Users\GAURSAH\Durgesh Spring Boot\ElectronicStore\ElectronicStore\target\classes started by gaursah in C:\Users\GAURSAH\Durgesh Spring Boot\ElectronicStore\ElectronicStore)
2023-02-06T17:57:06.520+05:30  INFO 29048 --- [restartedMain] c.s.e.ElectronicStoreApplication         : No active profile set, falling back to 1 default profile: "default"
2023-02-06T17:57:06.580+05:30  INFO 29048 --- [restartedMain] .e.DevToolsPropertyDefaultsPostProcessor : Devtools property defaults active! Set 'spring.devtools.add-properties' to 'false' to disable
2023-02-06T17:57:06.580+05:30  INFO 29048 --- [restartedMain] .e.DevToolsPropertyDefaultsPostProcessor : For additional web related logging consider setting the 'logging.level.web' property to 'DEBUG'
2023-02-06T17:57:07.763+05:30  INFO 29048 --- [restartedMain] .s.d.r.c.RepositoryConfigurationDelegate : Bootstrapping Spring Data JPA repositories in DEFAULT mode.
2023-02-06T17:57:07.892+05:30  INFO 29048 --- [restartedMain] .s.d.r.c.RepositoryConfigurationDelegate : Finished Spring Data repository scanning in 115 ms. Found 7 JPA repository interfaces.
2023-02-06T17:57:08.812+05:30  INFO 29048 --- [restartedMain] o.s.b.w.embedded.tomcat.TomcatWebServer  : Tomcat initialized with port(s): 8081 (http)
2023-02-06T17:57:08.830+05:30  INFO 29048 --- [restartedMain] o.apache.catalina.core.StandardService   : Starting service [Tomcat]
2023-02-06T17:57:08.830+05:30  INFO 29048 --- [restartedMain] o.apache.catalina.core.StandardEngine    : Starting Servlet engine: [Apache Tomcat/10.1.5]
2023-02-06T17:57:08.911+05:30  INFO 29048 --- [restartedMain] o.a.c.c.C.[Tomcat].[localhost].[/]       : Initializing Spring embedded WebApplicationContext
2023-02-06T17:57:08.912+05:30  INFO 29048 --- [restartedMain] w.s.c.ServletWebServerApplicationContext : Root WebApplicationContext: initialization completed in 2331 ms
2023-02-06T17:57:09.072+05:30  INFO 29048 --- [restartedMain] o.hibernate.jpa.internal.util.LogHelper  : HHH000204: Processing PersistenceUnitInfo [name: default]
2023-02-06T17:57:09.150+05:30  INFO 29048 --- [restartedMain] org.hibernate.Version                    : HHH000412: Hibernate ORM core version 6.1.6.Final
2023-02-06T17:57:09.373+05:30  WARN 29048 --- [restartedMain] org.hibernate.orm.deprecation            : HHH90000021: Encountered deprecated setting [javax.persistence.sharedCache.mode], use [jakarta.persistence.sharedCache.mode] instead
2023-02-06T17:57:09.521+05:30  INFO 29048 --- [restartedMain] com.zaxxer.hikari.HikariDataSource       : HikariPool-1 - Starting...
2023-02-06T17:57:09.798+05:30  INFO 29048 --- [restartedMain] com.zaxxer.hikari.pool.HikariPool        : HikariPool-1 - Added connection org.postgresql.jdbc.PgConnection@537c32d3
2023-02-06T17:57:09.801+05:30  INFO 29048 --- [restartedMain] com.zaxxer.hikari.HikariDataSource       : HikariPool-1 - Start completed.
2023-02-06T17:57:09.843+05:30  INFO 29048 --- [restartedMain] SQL dialect                              : HHH000400: Using dialect: org.hibernate.dialect.PostgreSQLDialect
2023-02-06T17:57:11.169+05:30  INFO 29048 --- [restartedMain] o.h.e.t.j.p.i.JtaPlatformInitiator       : HHH000490: Using JtaPlatform implementation: [org.hibernate.engine.transaction.jta.platform.internal.NoJtaPlatform]
2023-02-06T17:57:11.181+05:30  INFO 29048 --- [restartedMain] j.LocalContainerEntityManagerFactoryBean : Initialized JPA EntityManagerFactory for persistence unit 'default'
2023-02-06T17:57:11.996+05:30  WARN 29048 --- [restartedMain] JpaBaseConfiguration$JpaWebConfiguration : spring.jpa.open-in-view is enabled by default. Therefore, database queries may be performed during view rendering. Explicitly configure spring.jpa.open-in-view to disable this warning
2023-02-06T17:57:13.311+05:30  INFO 29048 --- [restartedMain] o.s.s.web.DefaultSecurityFilterChain     : Will secure any request with [org.springframework.security.web.session.DisableEncodeUrlFilter@6bb04a9f, org.springframework.security.web.context.request.async.WebAsyncManagerIntegrationFilter@38376cba, org.springframework.security.web.context.SecurityContextHolderFilter@6b1ca056, org.springframework.security.web.header.HeaderWriterFilter@2b0d28ce, org.springframework.security.web.authentication.logout.LogoutFilter@d6d1e9c, com.store.electronic.security.JwtAuthFilter@2ccd2908, org.springframework.security.web.savedrequest.RequestCacheAwareFilter@5b8a9bfa, org.springframework.security.web.servletapi.SecurityContextHolderAwareRequestFilter@7adbb3bb, org.springframework.security.web.authentication.AnonymousAuthenticationFilter@2e76673, org.springframework.security.web.session.SessionManagementFilter@4ad1aa97, org.springframework.security.web.access.ExceptionTranslationFilter@354d0b3, org.springframework.security.web.access.intercept.AuthorizationFilter@1ba90fbc]
2023-02-06T17:57:13.635+05:30  INFO 29048 --- [restartedMain] o.s.b.d.a.OptionalLiveReloadServer       : LiveReload server is running on port 35729
2023-02-06T17:57:13.684+05:30  INFO 29048 --- [restartedMain] o.s.b.w.embedded.tomcat.TomcatWebServer  : Tomcat started on port(s): 8081 (http) with context path ''
2023-02-06T17:57:13.696+05:30  INFO 29048 --- [restartedMain] c.s.e.ElectronicStoreApplication         : Started ElectronicStoreApplication in 7.66 seconds (process running for 8.39)
2023-02-06T17:57:26.386+05:30  INFO 29048 --- [http-nio-8081-exec-2] o.a.c.c.C.[Tomcat].[localhost].[/]       : Initializing Spring DispatcherServlet 'dispatcherServlet'
2023-02-06T17:57:26.388+05:30  INFO 29048 --- [http-nio-8081-exec-2] o.s.web.servlet.DispatcherServlet        : Initializing Servlet 'dispatcherServlet'
2023-02-06T17:57:26.390+05:30  INFO 29048 --- [http-nio-8081-exec-2] o.s.web.servlet.DispatcherServlet        : Completed initialization in 1 ms
2023-02-06T18:01:18.367+05:30  INFO 29048 --- [SpringApplicationShutdownHook] j.LocalContainerEntityManagerFactoryBean : Closing JPA EntityManagerFactory for persistence unit 'default'
2023-02-06T18:01:18.473+05:30  INFO 29048 --- [SpringApplicationShutdownHook] com.zaxxer.hikari.HikariDataSource       : HikariPool-1 - Shutdown initiated...
2023-02-06T18:01:18.518+05:30  INFO 29048 --- [SpringApplicationShutdownHook] com.zaxxer.hikari.HikariDataSource       : HikariPool-1 - Shutdown completed.
2023-02-06T18:01:26.227+05:30  INFO 35576 --- [restartedMain] c.s.e.ElectronicStoreApplication         : Starting ElectronicStoreApplication using Java 19.0.1 with PID 35576 (C:\Users\GAURSAH\Durgesh Spring Boot\ElectronicStore\ElectronicStore\target\classes started by gaursah in C:\Users\GAURSAH\Durgesh Spring Boot\ElectronicStore\ElectronicStore)
2023-02-06T18:01:26.231+05:30  INFO 35576 --- [restartedMain] c.s.e.ElectronicStoreApplication         : No active profile set, falling back to 1 default profile: "default"
2023-02-06T18:01:26.321+05:30  INFO 35576 --- [restartedMain] .e.DevToolsPropertyDefaultsPostProcessor : Devtools property defaults active! Set 'spring.devtools.add-properties' to 'false' to disable
2023-02-06T18:01:26.321+05:30  INFO 35576 --- [restartedMain] .e.DevToolsPropertyDefaultsPostProcessor : For additional web related logging consider setting the 'logging.level.web' property to 'DEBUG'
2023-02-06T18:01:27.897+05:30  INFO 35576 --- [restartedMain] .s.d.r.c.RepositoryConfigurationDelegate : Bootstrapping Spring Data JPA repositories in DEFAULT mode.
2023-02-06T18:01:28.051+05:30  INFO 35576 --- [restartedMain] .s.d.r.c.RepositoryConfigurationDelegate : Finished Spring Data repository scanning in 141 ms. Found 7 JPA repository interfaces.
2023-02-06T18:01:28.892+05:30  INFO 35576 --- [restartedMain] o.s.b.w.embedded.tomcat.TomcatWebServer  : Tomcat initialized with port(s): 8081 (http)
2023-02-06T18:01:28.905+05:30  INFO 35576 --- [restartedMain] o.apache.catalina.core.StandardService   : Starting service [Tomcat]
2023-02-06T18:01:28.906+05:30  INFO 35576 --- [restartedMain] o.apache.catalina.core.StandardEngine    : Starting Servlet engine: [Apache Tomcat/10.1.5]
2023-02-06T18:01:28.983+05:30  INFO 35576 --- [restartedMain] o.a.c.c.C.[Tomcat].[localhost].[/]       : Initializing Spring embedded WebApplicationContext
2023-02-06T18:01:28.984+05:30  INFO 35576 --- [restartedMain] w.s.c.ServletWebServerApplicationContext : Root WebApplicationContext: initialization completed in 2662 ms
2023-02-06T18:01:29.156+05:30  INFO 35576 --- [restartedMain] o.hibernate.jpa.internal.util.LogHelper  : HHH000204: Processing PersistenceUnitInfo [name: default]
2023-02-06T18:01:29.250+05:30  INFO 35576 --- [restartedMain] org.hibernate.Version                    : HHH000412: Hibernate ORM core version 6.1.6.Final
2023-02-06T18:01:29.489+05:30  WARN 35576 --- [restartedMain] org.hibernate.orm.deprecation            : HHH90000021: Encountered deprecated setting [javax.persistence.sharedCache.mode], use [jakarta.persistence.sharedCache.mode] instead
2023-02-06T18:01:29.626+05:30  INFO 35576 --- [restartedMain] com.zaxxer.hikari.HikariDataSource       : HikariPool-1 - Starting...
2023-02-06T18:01:29.878+05:30  INFO 35576 --- [restartedMain] com.zaxxer.hikari.pool.HikariPool        : HikariPool-1 - Added connection org.postgresql.jdbc.PgConnection@37761cd9
2023-02-06T18:01:29.883+05:30  INFO 35576 --- [restartedMain] com.zaxxer.hikari.HikariDataSource       : HikariPool-1 - Start completed.
2023-02-06T18:01:29.922+05:30  INFO 35576 --- [restartedMain] SQL dialect                              : HHH000400: Using dialect: org.hibernate.dialect.PostgreSQLDialect
2023-02-06T18:01:31.111+05:30  INFO 35576 --- [restartedMain] o.h.e.t.j.p.i.JtaPlatformInitiator       : HHH000490: Using JtaPlatform implementation: [org.hibernate.engine.transaction.jta.platform.internal.NoJtaPlatform]
2023-02-06T18:01:31.121+05:30  INFO 35576 --- [restartedMain] j.LocalContainerEntityManagerFactoryBean : Initialized JPA EntityManagerFactory for persistence unit 'default'
2023-02-06T18:01:31.896+05:30  WARN 35576 --- [restartedMain] JpaBaseConfiguration$JpaWebConfiguration : spring.jpa.open-in-view is enabled by default. Therefore, database queries may be performed during view rendering. Explicitly configure spring.jpa.open-in-view to disable this warning
2023-02-06T18:01:32.748+05:30  INFO 35576 --- [restartedMain] o.s.s.web.DefaultSecurityFilterChain     : Will secure any request with [org.springframework.security.web.session.DisableEncodeUrlFilter@15438e6e, org.springframework.security.web.context.request.async.WebAsyncManagerIntegrationFilter@16c78018, org.springframework.security.web.context.SecurityContextHolderFilter@6cb1c098, org.springframework.security.web.header.HeaderWriterFilter@8a173cf, org.springframework.security.web.authentication.logout.LogoutFilter@52d294b2, com.store.electronic.security.JwtAuthFilter@7648edbc, org.springframework.security.web.savedrequest.RequestCacheAwareFilter@3338c7a2, org.springframework.security.web.servletapi.SecurityContextHolderAwareRequestFilter@2a69a40, org.springframework.security.web.authentication.AnonymousAuthenticationFilter@5e879c5c, org.springframework.security.web.session.SessionManagementFilter@89d63b4, org.springframework.security.web.access.ExceptionTranslationFilter@5dafe222, org.springframework.security.web.access.intercept.AuthorizationFilter@6e1db345]
2023-02-06T18:01:33.051+05:30  INFO 35576 --- [restartedMain] o.s.b.d.a.OptionalLiveReloadServer       : LiveReload server is running on port 35729
2023-02-06T18:01:33.101+05:30  INFO 35576 --- [restartedMain] o.s.b.w.embedded.tomcat.TomcatWebServer  : Tomcat started on port(s): 8081 (http) with context path ''
2023-02-06T18:01:33.113+05:30  INFO 35576 --- [restartedMain] c.s.e.ElectronicStoreApplication         : Started ElectronicStoreApplication in 7.643 seconds (process running for 8.53)
2023-02-06T18:01:50.933+05:30  INFO 35576 --- [http-nio-8081-exec-2] o.a.c.c.C.[Tomcat].[localhost].[/]       : Initializing Spring DispatcherServlet 'dispatcherServlet'
2023-02-06T18:01:50.935+05:30  INFO 35576 --- [http-nio-8081-exec-2] o.s.web.servlet.DispatcherServlet        : Initializing Servlet 'dispatcherServlet'
2023-02-06T18:01:50.938+05:30  INFO 35576 --- [http-nio-8081-exec-2] o.s.web.servlet.DispatcherServlet        : Completed initialization in 3 ms
2023-02-06T18:03:43.736+05:30  INFO 35576 --- [http-nio-8081-exec-8] c.s.electronic.services.UserServiceImpl  : Users retrieved: [UserDto(userId=abc1vaj, name=abc, email=abc@dev.in, password=$2a$10$WF87AaSOoHZJaNZ6JOogWO1HDwKSpIwNMf8PH4A3EHlMasFdkBRtO, gender=MALE, about=abc, imageName=null, role=null), UserDto(userId=19f4d695-4c41-4fbf-a2a6-4aa5b7b83252, name=Admin, email=admin@dev.in, password=$2a$10$QNI4xU48YL.cGe/vebkATeTVCTWe1I5eBnAR/Q9S5tCBNvYp1oJNq, gender=Male, about=I am a Software Developer, imageName=null, role=ROLE_ADMIN), UserDto(userId=c137c06b-f38b-4efd-8e55-8dabfe129e84, name=Gaurab Sah, email=gaurab.sah.777@gmail.com, password=$2a$10$24KcJBo09KUq51UNfNRuDOk/tF9YmJgRnJAIy5WmopChAYO2jX9vm, gender=Male, about=I am Analyst/Software Engineer, imageName=gaurab, role=null), UserDto(userId=d1e894d8-c6e5-44f0-9def-cd464c85e43f, name=Keshav Chaudhary, email=keshav@gmail.com, password=$2a$10$bHL3MsKDtHccjr6baKDjU.FT02abfWrntuk37xv2/wCtUNDzO7qSG, gender=MALE, about=I am Student, imageName=keshav.png, role=null), UserDto(userId=7969dd14-1930-42a1-b891-fbc34730fc07, name=Saurav Sah, email=saurav11@gmail.com, password=$2a$10$Fkx3UnzsgW37iwcHpIKivewf0EtoiFZVqJwqM.PgnWRniSo69Wj7., gender=MALE, about=I am a Student, imageName=saurav.png, role=null), UserDto(userId=380c2099-aadf-4011-b610-c5fc68f2a647, name=Sunita Sah, email=sunita@gmail.com, password=$2a$10$.DPCajK2SFjBiqzYj9WfoujlFbklvMaj/OseJu4ZpLvVRluTTO4XW, gender=FEMALE, about=I am a proud mother., imageName=sunita.png, role=null), UserDto(userId=5714c17e-e415-4476-ab84-b2a859db3d7c, name=User, email=user@dev.in, password=$2a$10$AQ/9/JJLM1Izf/fV5AhWe.V6zsgil7v7pSCzufMXyxJ.hbH8Qrjx2, gender=Male, about=I am a Software Developer, imageName=null, role=ROLE_USER)]
2023-02-06T18:09:12.606+05:30  INFO 35576 --- [SpringApplicationShutdownHook] j.LocalContainerEntityManagerFactoryBean : Closing JPA EntityManagerFactory for persistence unit 'default'
2023-02-06T18:09:12.686+05:30  INFO 35576 --- [SpringApplicationShutdownHook] com.zaxxer.hikari.HikariDataSource       : HikariPool-1 - Shutdown initiated...
2023-02-06T18:09:12.710+05:30  INFO 35576 --- [SpringApplicationShutdownHook] com.zaxxer.hikari.HikariDataSource       : HikariPool-1 - Shutdown completed.
2023-02-06T18:09:20.450+05:30  INFO 27324 --- [restartedMain] c.s.e.ElectronicStoreApplication         : Starting ElectronicStoreApplication using Java 19.0.1 with PID 27324 (C:\Users\GAURSAH\Durgesh Spring Boot\ElectronicStore\ElectronicStore\target\classes started by gaursah in C:\Users\GAURSAH\Durgesh Spring Boot\ElectronicStore\ElectronicStore)
2023-02-06T18:09:20.453+05:30  INFO 27324 --- [restartedMain] c.s.e.ElectronicStoreApplication         : No active profile set, falling back to 1 default profile: "default"
2023-02-06T18:09:20.518+05:30  INFO 27324 --- [restartedMain] .e.DevToolsPropertyDefaultsPostProcessor : Devtools property defaults active! Set 'spring.devtools.add-properties' to 'false' to disable
2023-02-06T18:09:20.518+05:30  INFO 27324 --- [restartedMain] .e.DevToolsPropertyDefaultsPostProcessor : For additional web related logging consider setting the 'logging.level.web' property to 'DEBUG'
2023-02-06T18:09:21.634+05:30  INFO 27324 --- [restartedMain] .s.d.r.c.RepositoryConfigurationDelegate : Bootstrapping Spring Data JPA repositories in DEFAULT mode.
2023-02-06T18:09:21.750+05:30  INFO 27324 --- [restartedMain] .s.d.r.c.RepositoryConfigurationDelegate : Finished Spring Data repository scanning in 102 ms. Found 7 JPA repository interfaces.
2023-02-06T18:09:22.746+05:30  INFO 27324 --- [restartedMain] o.s.b.w.embedded.tomcat.TomcatWebServer  : Tomcat initialized with port(s): 8081 (http)
2023-02-06T18:09:22.765+05:30  INFO 27324 --- [restartedMain] o.apache.catalina.core.StandardService   : Starting service [Tomcat]
2023-02-06T18:09:22.766+05:30  INFO 27324 --- [restartedMain] o.apache.catalina.core.StandardEngine    : Starting Servlet engine: [Apache Tomcat/10.1.5]
2023-02-06T18:09:22.856+05:30  INFO 27324 --- [restartedMain] o.a.c.c.C.[Tomcat].[localhost].[/]       : Initializing Spring embedded WebApplicationContext
2023-02-06T18:09:22.857+05:30  INFO 27324 --- [restartedMain] w.s.c.ServletWebServerApplicationContext : Root WebApplicationContext: initialization completed in 2338 ms
2023-02-06T18:09:23.065+05:30  INFO 27324 --- [restartedMain] o.hibernate.jpa.internal.util.LogHelper  : HHH000204: Processing PersistenceUnitInfo [name: default]
2023-02-06T18:09:23.194+05:30  INFO 27324 --- [restartedMain] org.hibernate.Version                    : HHH000412: Hibernate ORM core version 6.1.6.Final
2023-02-06T18:09:23.447+05:30  WARN 27324 --- [restartedMain] org.hibernate.orm.deprecation            : HHH90000021: Encountered deprecated setting [javax.persistence.sharedCache.mode], use [jakarta.persistence.sharedCache.mode] instead
2023-02-06T18:09:23.609+05:30  INFO 27324 --- [restartedMain] com.zaxxer.hikari.HikariDataSource       : HikariPool-1 - Starting...
2023-02-06T18:09:23.911+05:30  INFO 27324 --- [restartedMain] com.zaxxer.hikari.pool.HikariPool        : HikariPool-1 - Added connection org.postgresql.jdbc.PgConnection@6a54c9fa
2023-02-06T18:09:23.914+05:30  INFO 27324 --- [restartedMain] com.zaxxer.hikari.HikariDataSource       : HikariPool-1 - Start completed.
2023-02-06T18:09:23.958+05:30  INFO 27324 --- [restartedMain] SQL dialect                              : HHH000400: Using dialect: org.hibernate.dialect.PostgreSQLDialect
2023-02-06T18:09:25.389+05:30  INFO 27324 --- [restartedMain] o.h.e.t.j.p.i.JtaPlatformInitiator       : HHH000490: Using JtaPlatform implementation: [org.hibernate.engine.transaction.jta.platform.internal.NoJtaPlatform]
2023-02-06T18:09:25.401+05:30  INFO 27324 --- [restartedMain] j.LocalContainerEntityManagerFactoryBean : Initialized JPA EntityManagerFactory for persistence unit 'default'
2023-02-06T18:09:26.347+05:30  WARN 27324 --- [restartedMain] JpaBaseConfiguration$JpaWebConfiguration : spring.jpa.open-in-view is enabled by default. Therefore, database queries may be performed during view rendering. Explicitly configure spring.jpa.open-in-view to disable this warning
2023-02-06T18:09:27.201+05:30  INFO 27324 --- [restartedMain] o.s.s.web.DefaultSecurityFilterChain     : Will secure any request with [org.springframework.security.web.session.DisableEncodeUrlFilter@d6d1e9c, org.springframework.security.web.context.request.async.WebAsyncManagerIntegrationFilter@25abfc72, org.springframework.security.web.context.SecurityContextHolderFilter@1d770b96, org.springframework.security.web.header.HeaderWriterFilter@2a438a10, org.springframework.security.web.authentication.logout.LogoutFilter@1926cbe2, com.store.electronic.security.JwtAuthFilter@79ace35d, org.springframework.security.web.savedrequest.RequestCacheAwareFilter@4a08fdc2, org.springframework.security.web.servletapi.SecurityContextHolderAwareRequestFilter@18b7a398, org.springframework.security.web.authentication.AnonymousAuthenticationFilter@11215686, org.springframework.security.web.session.SessionManagementFilter@1ea22463, org.springframework.security.web.access.ExceptionTranslationFilter@528d4060, org.springframework.security.web.access.intercept.AuthorizationFilter@b047d4e]
2023-02-06T18:09:27.570+05:30  INFO 27324 --- [restartedMain] o.s.b.d.a.OptionalLiveReloadServer       : LiveReload server is running on port 35729
2023-02-06T18:09:27.628+05:30  INFO 27324 --- [restartedMain] o.s.b.w.embedded.tomcat.TomcatWebServer  : Tomcat started on port(s): 8081 (http) with context path ''
2023-02-06T18:09:27.638+05:30  INFO 27324 --- [restartedMain] c.s.e.ElectronicStoreApplication         : Started ElectronicStoreApplication in 7.887 seconds (process running for 8.726)
2023-02-06T18:09:54.479+05:30  INFO 27324 --- [http-nio-8081-exec-2] o.a.c.c.C.[Tomcat].[localhost].[/]       : Initializing Spring DispatcherServlet 'dispatcherServlet'
2023-02-06T18:09:54.480+05:30  INFO 27324 --- [http-nio-8081-exec-2] o.s.web.servlet.DispatcherServlet        : Initializing Servlet 'dispatcherServlet'
2023-02-06T18:09:54.487+05:30  INFO 27324 --- [http-nio-8081-exec-2] o.s.web.servlet.DispatcherServlet        : Completed initialization in 7 ms
2023-02-06T18:09:54.956+05:30  INFO 27324 --- [http-nio-8081-exec-2] c.s.e.services.ProductServiceImpl        : Products found: 6
2023-02-06T18:10:27.138+05:30  INFO 27324 --- [SpringApplicationShutdownHook] j.LocalContainerEntityManagerFactoryBean : Closing JPA EntityManagerFactory for persistence unit 'default'
2023-02-06T18:10:27.144+05:30  INFO 27324 --- [SpringApplicationShutdownHook] com.zaxxer.hikari.HikariDataSource       : HikariPool-1 - Shutdown initiated...
2023-02-06T18:10:27.153+05:30  INFO 27324 --- [SpringApplicationShutdownHook] com.zaxxer.hikari.HikariDataSource       : HikariPool-1 - Shutdown completed.
